<?xml version="1.0" encoding="UTF-8"?>
<testng-results ignored="0" total="1" passed="1" failed="0" skipped="0">
  <reporter-output>
  </reporter-output>
  <suite started-at="2023-08-13T20:56:11 IST" name="Default suite" finished-at="2023-08-13T20:56:42 IST" duration-ms="30697">
    <groups>
    </groups>
    <test started-at="2023-08-13T20:56:11 IST" name="Default test" finished-at="2023-08-13T20:56:42 IST" duration-ms="30697">
      <class name="SeleniumProject.SeleniumProject.MavenTest1">
        <test-method is-config="true" signature="beforeTest()[pri:0, instance:null(SeleniumProject.SeleniumProject.MavenTest1)]" started-at="2023-08-13T20:56:11 IST" name="beforeTest" finished-at="2023-08-13T20:56:11 IST" duration-ms="111" status="PASS">
          <reporter-output>
          </reporter-output>
        </test-method> <!-- beforeTest -->
        <test-method signature="test()[pri:0, instance:null(SeleniumProject.SeleniumProject.MavenTest1)]" started-at="2023-08-13T20:56:11 IST" name="test" finished-at="2023-08-13T20:56:38 IST" duration-ms="26621" status="PASS">
          <reporter-output>
          </reporter-output>
        </test-method> <!-- test -->
        <test-method is-config="true" signature="afterTest()[pri:0, instance:null(SeleniumProject.SeleniumProject.MavenTest1)]" started-at="2023-08-13T20:56:38 IST" name="afterTest" finished-at="2023-08-13T20:56:42 IST" duration-ms="3517" status="PASS">
          <reporter-output>
          </reporter-output>
        </test-method> <!-- afterTest -->
      </class> <!-- SeleniumProject.SeleniumProject.MavenTest1 -->
    </test> <!-- Default test -->
  </suite> <!-- Default suite -->
</testng-results>
