<?xml version="1.0" encoding="UTF-8"?>
<!-- Generated by org.testng.reporters.JUnitReportReporter -->
<testsuite hostname="LAPTOP-BUA2IBR3" failures="0" tests="2" name="com.journaldev.mockito.testng.TestNGMockAnnotationExample" time="2.020" errors="0" timestamp="24 Sep 2024 01:32:48 GMT" skipped="0">
  <testcase classname="com.journaldev.mockito.testng.TestNGMockAnnotationExample" name="test_mock_annotation" time="0.061"/>
  <testcase classname="com.journaldev.mockito.testng.TestNGMockAnnotationExample" name="test_mock_annotation" time="1.959"/>
</testsuite> <!-- com.journaldev.mockito.testng.TestNGMockAnnotationExample -->
