<?xml version="1.0" encoding="UTF-8"?>
<!-- Generated by org.testng.reporters.JUnitReportReporter -->
<testsuite hostname="LAPTOP-BUA2IBR3" failures="0" tests="2" name="com.journaldev.mockito.exception.TestNGMockitoStubExceptions" time="0.369" errors="0" timestamp="24 Sep 2024 01:32:48 GMT" skipped="0">
  <testcase classname="com.journaldev.mockito.exception.TestNGMockitoStubExceptions" name="test" time="0.367"/>
  <testcase classname="com.journaldev.mockito.exception.TestNGMockitoStubExceptions" name="test1" time="0.002"/>
</testsuite> <!-- com.journaldev.mockito.exception.TestNGMockitoStubExceptions -->
