<?xml version="1.0" encoding="UTF-8"?>
<!-- Generated by org.testng.reporters.JUnitReportReporter -->
<testsuite hostname="LAPTOP-BUA2IBR3" failures="0" tests="1" name="com.journaldev.mockito.voidmethod.TestNGMockitoVoidMethod" time="0.138" errors="0" timestamp="24 Sep 2024 01:32:48 GMT" skipped="0">
  <testcase classname="com.journaldev.mockito.voidmethod.TestNGMockitoVoidMethod" name="test_mockito_void" time="0.138"/>
</testsuite> <!-- com.journaldev.mockito.voidmethod.TestNGMockitoVoidMethod -->
