<?xml version="1.0" encoding="UTF-8"?>
<testng-results ignored="0" total="10" passed="10" failed="0" skipped="0">
  <reporter-output>
  </reporter-output>
  <suite started-at="2024-09-24T01:32:43Z" name="Surefire suite" finished-at="2024-09-24T01:32:46Z" duration-ms="3271">
    <groups>
    </groups>
    <test started-at="2024-09-24T01:32:43Z" name="Surefire test" finished-at="2024-09-24T01:32:46Z" duration-ms="3271">
      <class name="com.journaldev.mockito.exception.TestNGMockitoStubExceptions">
        <test-method signature="test()[pri:0, instance:com.journaldev.mockito.exception.TestNGMockitoStubExceptions@4ec4f3a0]" started-at="2024-09-24T01:32:45Z" name="test" finished-at="2024-09-24T01:32:45Z" duration-ms="367" status="PASS">
          <reporter-output>
          </reporter-output>
        </test-method> <!-- test -->
        <test-method signature="test1()[pri:0, instance:com.journaldev.mockito.exception.TestNGMockitoStubExceptions@4ec4f3a0]" started-at="2024-09-24T01:32:45Z" name="test1" finished-at="2024-09-24T01:32:45Z" duration-ms="2" status="PASS">
          <exception class="java.lang.RuntimeException">
            <message>
              <![CDATA[size method not supported]]>
            </message>
            <full-stacktrace>
              <![CDATA[java.lang.RuntimeException: size method not supported
at com.journaldev.mockito.exception.TestNGMockitoStubExceptions.test1(TestNGMockitoStubExceptions.java:27)
at java.base/jdk.internal.reflect.NativeMethodAccessorImpl.invoke0(Native Method)
at java.base/jdk.internal.reflect.NativeMethodAccessorImpl.invoke(NativeMethodAccessorImpl.java:64)
at java.base/jdk.internal.reflect.DelegatingMethodAccessorImpl.invoke(DelegatingMethodAccessorImpl.java:43)
at java.base/java.lang.reflect.Method.invoke(Method.java:564)
at org.testng.internal.MethodInvocationHelper.invokeMethod(MethodInvocationHelper.java:124)
at org.testng.internal.Invoker.invokeMethod(Invoker.java:583)
at org.testng.internal.Invoker.invokeTestMethod(Invoker.java:719)
at org.testng.internal.Invoker.invokeTestMethods(Invoker.java:989)
at org.testng.internal.TestMethodWorker.invokeTestMethods(TestMethodWorker.java:125)
at org.testng.internal.TestMethodWorker.run(TestMethodWorker.java:109)
at org.testng.TestRunner.privateRun(TestRunner.java:648)
at org.testng.TestRunner.run(TestRunner.java:505)
at org.testng.SuiteRunner.runTest(SuiteRunner.java:455)
at org.testng.SuiteRunner.runSequentially(SuiteRunner.java:450)
at org.testng.SuiteRunner.privateRun(SuiteRunner.java:415)
at org.testng.SuiteRunner.run(SuiteRunner.java:364)
at org.testng.SuiteRunnerWorker.runSuite(SuiteRunnerWorker.java:52)
at org.testng.SuiteRunnerWorker.run(SuiteRunnerWorker.java:84)
at org.testng.TestNG.runSuitesSequentially(TestNG.java:1208)
at org.testng.TestNG.runSuitesLocally(TestNG.java:1137)
at org.testng.TestNG.runSuites(TestNG.java:1049)
at org.testng.TestNG.run(TestNG.java:1017)
at org.apache.maven.surefire.testng.TestNGExecutor.run(TestNGExecutor.java:135)
at org.apache.maven.surefire.testng.TestNGDirectoryTestSuite.executeMulti(TestNGDirectoryTestSuite.java:193)
at org.apache.maven.surefire.testng.TestNGDirectoryTestSuite.execute(TestNGDirectoryTestSuite.java:94)
at org.apache.maven.surefire.testng.TestNGProvider.invoke(TestNGProvider.java:146)
at org.apache.maven.surefire.booter.ForkedBooter.invokeProviderInSameClassLoader(ForkedBooter.java:383)
at org.apache.maven.surefire.booter.ForkedBooter.runSuitesInProcess(ForkedBooter.java:344)
at org.apache.maven.surefire.booter.ForkedBooter.execute(ForkedBooter.java:125)
at org.apache.maven.surefire.booter.ForkedBooter.main(ForkedBooter.java:417)
]]>
            </full-stacktrace>
          </exception> <!-- java.lang.RuntimeException -->
          <reporter-output>
          </reporter-output>
        </test-method> <!-- test1 -->
      </class> <!-- com.journaldev.mockito.exception.TestNGMockitoStubExceptions -->
      <class name="com.journaldev.mockito.testng.TestNGMockitoSingleElement">
        <test-method signature="mock_concrete_class()[pri:0, instance:com.journaldev.mockito.testng.TestNGMockitoSingleElement@9597028]" started-at="2024-09-24T01:32:46Z" name="mock_concrete_class" finished-at="2024-09-24T01:32:46Z" duration-ms="491" status="PASS">
          <reporter-output>
          </reporter-output>
        </test-method> <!-- mock_concrete_class -->
      </class> <!-- com.journaldev.mockito.testng.TestNGMockitoSingleElement -->
      <class name="com.journaldev.mockito.testng.TestNGMockitoExample">
        <test-method signature="test_mock_object(int, int)[pri:0, instance:com.journaldev.mockito.testng.TestNGMockitoExample@49139829]" started-at="2024-09-24T01:32:46Z" name="test_mock_object" data-provider="dp" finished-at="2024-09-24T01:32:46Z" duration-ms="3" status="PASS">
          <params>
            <param index="0">
              <value>
                <![CDATA[1]]>
              </value>
            </param>
            <param index="1">
              <value>
                <![CDATA[1]]>
              </value>
            </param>
          </params>
          <reporter-output>
          </reporter-output>
        </test-method> <!-- test_mock_object -->
        <test-method signature="test_mock_object(int, int)[pri:0, instance:com.journaldev.mockito.testng.TestNGMockitoExample@49139829]" started-at="2024-09-24T01:32:46Z" name="test_mock_object" data-provider="dp" finished-at="2024-09-24T01:32:46Z" duration-ms="1" status="PASS">
          <params>
            <param index="0">
              <value>
                <![CDATA[2]]>
              </value>
            </param>
            <param index="1">
              <value>
                <![CDATA[2]]>
              </value>
            </param>
          </params>
          <reporter-output>
          </reporter-output>
        </test-method> <!-- test_mock_object -->
      </class> <!-- com.journaldev.mockito.testng.TestNGMockitoExample -->
      <class name="com.journaldev.mockito.testng.TestNGMockitoVerify">
        <test-method signature="test_mockito_verify()[pri:0, instance:com.journaldev.mockito.testng.TestNGMockitoVerify@4efbca5a]" started-at="2024-09-24T01:32:46Z" name="test_mockito_verify" finished-at="2024-09-24T01:32:46Z" duration-ms="27" status="PASS">
          <reporter-output>
          </reporter-output>
        </test-method> <!-- test_mockito_verify -->
      </class> <!-- com.journaldev.mockito.testng.TestNGMockitoVerify -->
      <class name="com.journaldev.mockito.testng.TestNGMockAnnotationExample">
        <test-method is-config="true" signature="setup()[pri:0, instance:com.journaldev.mockito.testng.TestNGMockAnnotationExample@223191a6]" started-at="2024-09-24T01:32:43Z" name="setup" finished-at="2024-09-24T01:32:45Z" duration-ms="1957" status="PASS">
          <reporter-output>
          </reporter-output>
        </test-method> <!-- setup -->
        <test-method signature="test_mock_annotation(int, int)[pri:0, instance:com.journaldev.mockito.testng.TestNGMockAnnotationExample@223191a6]" started-at="2024-09-24T01:32:45Z" name="test_mock_annotation" data-provider="dp" finished-at="2024-09-24T01:32:45Z" duration-ms="60" status="PASS">
          <params>
            <param index="0">
              <value>
                <![CDATA[1]]>
              </value>
            </param>
            <param index="1">
              <value>
                <![CDATA[1]]>
              </value>
            </param>
          </params>
          <reporter-output>
          </reporter-output>
        </test-method> <!-- test_mock_annotation -->
        <test-method is-config="true" signature="setup()[pri:0, instance:com.journaldev.mockito.testng.TestNGMockAnnotationExample@223191a6]" started-at="2024-09-24T01:32:45Z" name="setup" finished-at="2024-09-24T01:32:45Z" duration-ms="1" status="PASS">
          <reporter-output>
          </reporter-output>
        </test-method> <!-- setup -->
        <test-method signature="test_mock_annotation(int, int)[pri:0, instance:com.journaldev.mockito.testng.TestNGMockAnnotationExample@223191a6]" started-at="2024-09-24T01:32:45Z" name="test_mock_annotation" data-provider="dp" finished-at="2024-09-24T01:32:45Z" duration-ms="2" status="PASS">
          <params>
            <param index="0">
              <value>
                <![CDATA[2]]>
              </value>
            </param>
            <param index="1">
              <value>
                <![CDATA[2]]>
              </value>
            </param>
          </params>
          <reporter-output>
          </reporter-output>
        </test-method> <!-- test_mock_annotation -->
      </class> <!-- com.journaldev.mockito.testng.TestNGMockAnnotationExample -->
      <class name="com.journaldev.mockito.testng.TestNGMockitoSpyExample">
        <test-method signature="test_mockito_spy()[pri:0, instance:com.journaldev.mockito.testng.TestNGMockitoSpyExample@6069db50]" started-at="2024-09-24T01:32:46Z" name="test_mockito_spy" finished-at="2024-09-24T01:32:46Z" duration-ms="12" status="PASS">
          <reporter-output>
          </reporter-output>
        </test-method> <!-- test_mockito_spy -->
      </class> <!-- com.journaldev.mockito.testng.TestNGMockitoSpyExample -->
      <class name="com.journaldev.mockito.voidmethod.TestNGMockitoVoidMethod">
        <test-method signature="test_mockito_void()[pri:0, instance:com.journaldev.mockito.voidmethod.TestNGMockitoVoidMethod@1b7cc17c]" started-at="2024-09-24T01:32:45Z" name="test_mockito_void" finished-at="2024-09-24T01:32:46Z" duration-ms="138" status="PASS">
          <reporter-output>
          </reporter-output>
        </test-method> <!-- test_mockito_void -->
      </class> <!-- com.journaldev.mockito.voidmethod.TestNGMockitoVoidMethod -->
    </test> <!-- Surefire test -->
  </suite> <!-- Surefire suite -->
</testng-results>
