<?xml version="1.0" encoding="UTF-8"?>
<testng-results ignored="0" total="1" passed="1" failed="0" skipped="0">
  <reporter-output>
  </reporter-output>
  <suite started-at="2023-09-24T19:44:21 IST" name="Suite" finished-at="2023-09-24T19:44:36 IST" duration-ms="15553">
    <groups>
    </groups>
    <test started-at="2023-09-24T19:44:21 IST" name="TestCases" finished-at="2023-09-24T19:44:36 IST" duration-ms="15553">
      <class name="SeleniumProject.SeleniumProject.MavenTest1">
        <test-method is-config="true" signature="beforeTest()[pri:0, instance:null(SeleniumProject.SeleniumProject.MavenTest1)]" started-at="2023-09-24T19:44:21 IST" name="beforeTest" finished-at="2023-09-24T19:44:21 IST" duration-ms="5" status="PASS">
          <reporter-output>
          </reporter-output>
        </test-method> <!-- beforeTest -->
        <test-method signature="testGoogle()[pri:0, instance:null(SeleniumProject.SeleniumProject.MavenTest1)]" started-at="2023-09-24T19:44:21 IST" name="testGoogle" finished-at="2023-09-24T19:44:36 IST" duration-ms="15121" status="PASS">
          <reporter-output>
          </reporter-output>
        </test-method> <!-- testGoogle -->
        <test-method is-config="true" signature="afterTest()[pri:0, instance:null(SeleniumProject.SeleniumProject.MavenTest1)]" started-at="2023-09-24T19:44:36 IST" name="afterTest" finished-at="2023-09-24T19:44:36 IST" duration-ms="392" status="PASS">
          <reporter-output>
          </reporter-output>
        </test-method> <!-- afterTest -->
      </class> <!-- SeleniumProject.SeleniumProject.MavenTest1 -->
    </test> <!-- TestCases -->
  </suite> <!-- Suite -->
</testng-results>
