<?xml version="1.0" encoding="UTF-8"?>
<testsuite xmlns:xsi="http://www.w3.org/2001/XMLSchema-instance" xsi:noNamespaceSchemaLocation="https://maven.apache.org/surefire/maven-surefire-plugin/xsd/surefire-test-report-3.0.xsd" version="3.0" name="TestSuite" time="1.418" tests="1" errors="0" skipped="0" failures="1">
  <properties>
[...]
</properties>
  <testcase name="testGoogle on null(SeleniumProject.SeleniumProject.PolicyTest)" classname="SeleniumProject.SeleniumProject.PolicyTest" time="0.269">
    <failure message="The driver executable does not exist: C:\Users\Administrator\Downloads\driver\chromedriver-win64\chromedriver.exe" type="java.lang.IllegalStateException"><![CDATA[java.lang.IllegalStateException: The driver executable does not exist: C:\Users\Administrator\Downloads\driver\chromedriver-win64\chromedriver.exe
	at SeleniumProject.SeleniumProject.PolicyTest.testGoogle(PolicyTest.java:32)
]]></failure>
    <system-out><![CDATA[before test
inside testGoogle
inside testGoogle C:\Users\Administrator\Downloads\driver\chromedriver-win64\chromedriver.exe
]]></system-out>
  </testcase>
</testsuite>