<?xml version="1.0" encoding="UTF-8"?>
<!-- Generated by org.testng.reporters.JUnitXMLReporter -->
<testsuite ignored="0" hostname="LAPTOP-BUA2IBR3" failures="0" tests="10" name="Surefire test" time="3.271" errors="0" timestamp="24 Sep 2024 01:32:47 GMT">
  <testcase classname="com.journaldev.mockito.testng.TestNGMockAnnotationExample" name="test_mock_annotation" time="0.06"/>
  <testcase classname="com.journaldev.mockito.testng.TestNGMockAnnotationExample" name="test_mock_annotation" time="0.002"/>
  <testcase classname="com.journaldev.mockito.exception.TestNGMockitoStubExceptions" name="test" time="0.367"/>
  <testcase classname="com.journaldev.mockito.exception.TestNGMockitoStubExceptions" name="test1" time="0.002"/>
  <testcase classname="com.journaldev.mockito.voidmethod.TestNGMockitoVoidMethod" name="test_mockito_void" time="0.138"/>
  <testcase classname="com.journaldev.mockito.testng.TestNGMockitoExample" name="test_mock_object" time="0.003"/>
  <testcase classname="com.journaldev.mockito.testng.TestNGMockitoExample" name="test_mock_object" time="0.001"/>
  <testcase classname="com.journaldev.mockito.testng.TestNGMockitoSingleElement" name="mock_concrete_class" time="0.491"/>
  <testcase classname="com.journaldev.mockito.testng.TestNGMockitoSpyExample" name="test_mockito_spy" time="0.012"/>
  <testcase classname="com.journaldev.mockito.testng.TestNGMockitoVerify" name="test_mockito_verify" time="0.027"/>
</testsuite> <!-- Surefire test -->
