<?xml version="1.0" encoding="UTF-8"?>
<testng-results ignored="0" total="1" passed="1" failed="0" skipped="0">
  <reporter-output>
  </reporter-output>
  <suite started-at="2023-08-10T17:34:38 IST" name="Command line suite" finished-at="2023-08-10T17:34:38 IST" duration-ms="106">
    <groups>
    </groups>
    <test started-at="2023-08-10T17:34:38 IST" name="Command line test" finished-at="2023-08-10T17:34:38 IST" duration-ms="106">
      <class name="SeleniumProject.SeleniumProject.AppTest">
        <test-method signature="testApp()" started-at="2023-08-10T17:34:38 IST" name="testApp" finished-at="2023-08-10T17:34:38 IST" duration-ms="29" status="PASS">
          <reporter-output>
          </reporter-output>
        </test-method> <!-- testApp -->
      </class> <!-- SeleniumProject.SeleniumProject.AppTest -->
    </test> <!-- Command line test -->
  </suite> <!-- Command line suite -->
</testng-results>
